<?xml version="1.0" encoding="UTF-8"?>
<testng-results skipped="0" failed="0" ignored="0" total="1" passed="1">
  <reporter-output>
  </reporter-output>
  <suite name="Parent_Suite" duration-ms="31635" started-at="2021-11-12T14:01:01Z" finished-at="2021-11-12T14:01:32Z">
    <groups>
    </groups>
    <test name="Automation Testing" duration-ms="31635" started-at="2021-11-12T14:01:01Z" finished-at="2021-11-12T14:01:32Z">
      <class name="base.FinalQATest">
        <test-method status="PASS" signature="beforeTestMethod()[pri:0, instance:base.FinalQATest@46678e49]" name="beforeTestMethod" is-config="true" duration-ms="422" started-at="2021-11-12T14:01:01Z" finished-at="2021-11-12T14:01:01Z">
          <reporter-output>
          </reporter-output>
        </test-method> <!-- beforeTestMethod -->
        <test-method status="PASS" signature="beforeMethodMethod(java.lang.String, java.lang.reflect.Method)[pri:0, instance:base.FinalQATest@46678e49]" name="beforeMethodMethod" is-config="true" duration-ms="24154" started-at="2021-11-12T14:01:01Z" finished-at="2021-11-12T14:01:25Z">
          <params>
            <param index="0">
              <value>
                <![CDATA[chrome]]>
              </value>
            </param>
            <param index="1">
              <value>
                <![CDATA[public void base.FinalQATest.verifyCareerSectionAndApplyForQAPosition()]]>
              </value>
            </param>
          </params>
          <reporter-output>
          </reporter-output>
        </test-method> <!-- beforeMethodMethod -->
        <test-method status="PASS" signature="verifyCareerSectionAndApplyForQAPosition()[pri:0, instance:base.FinalQATest@46678e49]" name="verifyCareerSectionAndApplyForQAPosition" duration-ms="6274" started-at="2021-11-12T14:01:25Z" finished-at="2021-11-12T14:01:32Z">
          <reporter-output>
          </reporter-output>
        </test-method> <!-- verifyCareerSectionAndApplyForQAPosition -->
        <test-method status="PASS" signature="afterMethodMethod(org.testng.ITestResult)[pri:0, instance:base.FinalQATest@46678e49]" name="afterMethodMethod" is-config="true" duration-ms="26" started-at="2021-11-12T14:01:32Z" finished-at="2021-11-12T14:01:32Z">
          <params>
            <param index="0">
              <value>
                <![CDATA[[TestResult name=verifyCareerSectionAndApplyForQAPosition status=SUCCESS method=FinalQATest.verifyCareerSectionAndApplyForQAPosition()[pri:0, instance:base.FinalQATest@46678e49] output={null}]]]>
              </value>
            </param>
          </params>
          <reporter-output>
          </reporter-output>
        </test-method> <!-- afterMethodMethod -->
        <test-method status="PASS" signature="afterTestMethod()[pri:0, instance:base.FinalQATest@46678e49]" name="afterTestMethod" is-config="true" duration-ms="723" started-at="2021-11-12T14:01:32Z" finished-at="2021-11-12T14:01:32Z">
          <reporter-output>
          </reporter-output>
        </test-method> <!-- afterTestMethod -->
      </class> <!-- base.FinalQATest -->
    </test> <!-- Automation Testing -->
  </suite> <!-- Parent_Suite -->
</testng-results>
