<?xml version="1.0" encoding="UTF-8"?>
<testng-results ignored="0" total="1" passed="1" failed="0" skipped="0">
  <reporter-output>
  </reporter-output>
  <suite started-at="2021-11-11T20:59:21Z" name="Default suite" finished-at="2021-11-11T21:00:00Z" duration-ms="39613">
    <groups>
    </groups>
    <test started-at="2021-11-11T20:59:21Z" name="Default test" finished-at="2021-11-11T21:00:00Z" duration-ms="39613">
      <class name="base.FinalQATest">
        <test-method is-config="true" signature="beforeTestMethod()[pri:0, instance:base.FinalQATest@732d0d24]" started-at="2021-11-11T20:59:21Z" name="beforeTestMethod" finished-at="2021-11-11T20:59:21Z" duration-ms="301" status="PASS">
          <reporter-output>
          </reporter-output>
        </test-method> <!-- beforeTestMethod -->
        <test-method is-config="true" signature="beforeMethodMethod(java.lang.String, java.lang.reflect.Method)[pri:0, instance:base.FinalQATest@732d0d24]" started-at="2021-11-11T20:59:21Z" name="beforeMethodMethod" finished-at="2021-11-11T20:59:48Z" duration-ms="27278" status="PASS">
          <params>
            <param index="0">
              <value>
                <![CDATA[chrome]]>
              </value>
            </param>
            <param index="1">
              <value>
                <![CDATA[public void base.FinalQATest.verifyCareerSectionAndApplyForQAPosition()]]>
              </value>
            </param>
          </params>
          <reporter-output>
          </reporter-output>
        </test-method> <!-- beforeMethodMethod -->
        <test-method signature="verifyCareerSectionAndApplyForQAPosition()[pri:0, instance:base.FinalQATest@732d0d24]" started-at="2021-11-11T20:59:48Z" name="verifyCareerSectionAndApplyForQAPosition" finished-at="2021-11-11T20:59:58Z" duration-ms="9538" status="PASS">
          <reporter-output>
          </reporter-output>
        </test-method> <!-- verifyCareerSectionAndApplyForQAPosition -->
        <test-method is-config="true" signature="afterMethodMethod(org.testng.ITestResult)[pri:0, instance:base.FinalQATest@732d0d24]" started-at="2021-11-11T20:59:58Z" name="afterMethodMethod" finished-at="2021-11-11T20:59:58Z" duration-ms="203" status="FAIL">
          <params>
            <param index="0">
              <value>
                <![CDATA[[TestResult name=verifyCareerSectionAndApplyForQAPosition status=SUCCESS method=FinalQATest.verifyCareerSectionAndApplyForQAPosition()[pri:0, instance:base.FinalQATest@732d0d24] output={null}]]]>
              </value>
            </param>
          </params>
          <exception class="java.lang.NullPointerException">
            <message>
              <![CDATA[Cannot invoke "java.lang.CharSequence.length()" because "this.text" is null]]>
            </message>
            <full-stacktrace>
              <![CDATA[java.lang.NullPointerException: Cannot invoke "java.lang.CharSequence.length()" because "this.text" is null
at java.base/java.util.regex.Matcher.getTextLength(Matcher.java:1769)
at java.base/java.util.regex.Matcher.reset(Matcher.java:415)
at java.base/java.util.regex.Matcher.<init>(Matcher.java:252)
at java.base/java.util.regex.Pattern.matcher(Pattern.java:1134)
at com.aventstack.extentreports.utils.ExceptionUtil.getExceptionHeadline(ExceptionUtil.java:25)
at com.aventstack.extentreports.ExtentTest.log(ExtentTest.java:287)
at com.aventstack.extentreports.ExtentTest.pass(ExtentTest.java:361)
at base.BaseTest.afterMethodMethod(BaseTest.java:108)
at java.base/jdk.internal.reflect.NativeMethodAccessorImpl.invoke0(Native Method)
at java.base/jdk.internal.reflect.NativeMethodAccessorImpl.invoke(NativeMethodAccessorImpl.java:78)
at java.base/jdk.internal.reflect.DelegatingMethodAccessorImpl.invoke(DelegatingMethodAccessorImpl.java:43)
at java.base/java.lang.reflect.Method.invoke(Method.java:567)
at org.testng.internal.MethodInvocationHelper.invokeMethod(MethodInvocationHelper.java:124)
at org.testng.internal.MethodInvocationHelper.invokeMethodConsideringTimeout(MethodInvocationHelper.java:59)
at org.testng.internal.Invoker.invokeConfigurationMethod(Invoker.java:458)
at org.testng.internal.Invoker.invokeConfigurations(Invoker.java:222)
at org.testng.internal.Invoker.invokeMethod(Invoker.java:646)
at org.testng.internal.Invoker.invokeTestMethod(Invoker.java:719)
at org.testng.internal.Invoker.invokeTestMethods(Invoker.java:989)
at org.testng.internal.TestMethodWorker.invokeTestMethods(TestMethodWorker.java:125)
at org.testng.internal.TestMethodWorker.run(TestMethodWorker.java:109)
at org.testng.TestRunner.privateRun(TestRunner.java:648)
at org.testng.TestRunner.run(TestRunner.java:505)
at org.testng.SuiteRunner.runTest(SuiteRunner.java:455)
at org.testng.SuiteRunner.runSequentially(SuiteRunner.java:450)
at org.testng.SuiteRunner.privateRun(SuiteRunner.java:415)
at org.testng.SuiteRunner.run(SuiteRunner.java:364)
at org.testng.SuiteRunnerWorker.runSuite(SuiteRunnerWorker.java:52)
at org.testng.SuiteRunnerWorker.run(SuiteRunnerWorker.java:84)
at org.testng.TestNG.runSuitesSequentially(TestNG.java:1208)
at org.testng.TestNG.runSuitesLocally(TestNG.java:1137)
at org.testng.TestNG.runSuites(TestNG.java:1049)
at org.testng.TestNG.run(TestNG.java:1017)
at org.testng.remote.AbstractRemoteTestNG.run(AbstractRemoteTestNG.java:115)
at org.testng.remote.RemoteTestNG.initAndRun(RemoteTestNG.java:251)
at org.testng.remote.RemoteTestNG.main(RemoteTestNG.java:77)
]]>
            </full-stacktrace>
          </exception> <!-- java.lang.NullPointerException -->
          <reporter-output>
          </reporter-output>
        </test-method> <!-- afterMethodMethod -->
        <test-method is-config="true" signature="afterTestMethod()[pri:0, instance:base.FinalQATest@732d0d24]" started-at="2021-11-11T20:59:58Z" name="afterTestMethod" finished-at="2021-11-11T21:00:00Z" duration-ms="2209" status="PASS">
          <reporter-output>
          </reporter-output>
        </test-method> <!-- afterTestMethod -->
      </class> <!-- base.FinalQATest -->
    </test> <!-- Default test -->
  </suite> <!-- Default suite -->
</testng-results>
